<?xml version="1.0" encoding="UTF-8"?>
<testsuite
  name="image_tools_custom.cpplint"
  tests="11"
  failures="6"
  errors="0"
  time="0.069"
>
  <testcase
    name="/home/utkarsh/clearbot/demos_custom/image_tools/include/image_tools/options.hpp"
    classname="image_tools_custom.cpplint"/>
  <testcase
    name="/home/utkarsh/clearbot/demos_custom/image_tools/src/burger.cpp"
    classname="image_tools_custom.cpplint"/>
  <testcase
    name="/home/utkarsh/clearbot/demos_custom/image_tools/src/burger.hpp"
    classname="image_tools_custom.cpplint"/>
  <testcase
    name="whitespace/end_of_line [4] (/home/utkarsh/clearbot/demos_custom/image_tools/src/cam2image.cpp:99)"
    classname="image_tools_custom.cpplint"
  >
      <failure message="Line ends in whitespace.  Consider deleting these extra spaces."/>
  </testcase>
  <testcase
    name="whitespace/end_of_line [4] (/home/utkarsh/clearbot/demos_custom/image_tools/src/cam2image.cpp:110)"
    classname="image_tools_custom.cpplint"
  >
      <failure message="Line ends in whitespace.  Consider deleting these extra spaces."/>
  </testcase>
  <testcase
    name="whitespace/end_of_line [4] (/home/utkarsh/clearbot/demos_custom/image_tools/src/cam2image.cpp:132)"
    classname="image_tools_custom.cpplint"
  >
      <failure message="Line ends in whitespace.  Consider deleting these extra spaces."/>
  </testcase>
  <testcase
    name="whitespace/end_of_line [4] (/home/utkarsh/clearbot/demos_custom/image_tools/src/cam2image.cpp:133)"
    classname="image_tools_custom.cpplint"
  >
      <failure message="Line ends in whitespace.  Consider deleting these extra spaces."/>
  </testcase>
  <testcase
    name="whitespace/comma [3] (/home/utkarsh/clearbot/demos_custom/image_tools/src/cam2image.cpp:159)"
    classname="image_tools_custom.cpplint"
  >
      <failure message="Missing space after ,"/>
  </testcase>
  <testcase
    name="whitespace/comments [4] (/home/utkarsh/clearbot/demos_custom/image_tools/src/cam2image.cpp:205)"
    classname="image_tools_custom.cpplint"
  >
      <failure message="Should have a space between // and comment"/>
  </testcase>
  <testcase
    name="/home/utkarsh/clearbot/demos_custom/image_tools/src/options.cpp"
    classname="image_tools_custom.cpplint"/>
  <testcase
    name="/home/utkarsh/clearbot/demos_custom/image_tools/src/showimage.cpp"
    classname="image_tools_custom.cpplint"/>
  <system-out>Checked files:
* /home/utkarsh/clearbot/demos_custom/image_tools/include/image_tools/options.hpp
* /home/utkarsh/clearbot/demos_custom/image_tools/src/burger.cpp
* /home/utkarsh/clearbot/demos_custom/image_tools/src/burger.hpp
* /home/utkarsh/clearbot/demos_custom/image_tools/src/cam2image.cpp
* /home/utkarsh/clearbot/demos_custom/image_tools/src/options.cpp
* /home/utkarsh/clearbot/demos_custom/image_tools/src/showimage.cpp</system-out>
</testsuite>
