Start testing: Jul 28 16:19 HKT
----------------------------------------------------------
1/9 Testing: test_showimage_cam2image__rmw_fastrtps_cpp
1/9 Test: test_showimage_cam2image__rmw_fastrtps_cpp
Command: "/home/utkarsh/.pyenv/shims/python3" "-u" "/opt/ros/foxy/share/ament_cmake_test/cmake/run_test.py" "/home/utkarsh/clearbot/demos_custom/image_tools/.obj-x86_64-linux-gnu/test_results/image_tools_custom/test_showimage_cam2image__rmw_fastrtps_cpp.xunit.xml" "--package-name" "image_tools_custom" "--output-file" "/home/utkarsh/clearbot/demos_custom/image_tools/.obj-x86_64-linux-gnu/launch_test/CHANGEME.txt" "--env" "RCL_ASSERT_RMW_ID_MATCHES=rmw_fastrtps_cpp" "RMW_IMPLEMENTATION=rmw_fastrtps_cpp" "--command" "/home/utkarsh/.pyenv/shims/python3" "-m" "launch_testing.launch_test" "/home/utkarsh/clearbot/demos_custom/image_tools/.obj-x86_64-linux-gnu/test_showimage_cam2image__rmw_fastrtps_cpp_None.py" "--junit-xml=/home/utkarsh/clearbot/demos_custom/image_tools/.obj-x86_64-linux-gnu/test_results/image_tools_custom/test_showimage_cam2image__rmw_fastrtps_cpp.xunit.xml" "--package-name=image_tools_custom"
Directory: /home/utkarsh/clearbot/demos_custom/image_tools/.obj-x86_64-linux-gnu
"test_showimage_cam2image__rmw_fastrtps_cpp" start time: Jul 28 16:19 HKT
Output:
----------------------------------------------------------
-- run_test.py: extra environment variables:
 - RCL_ASSERT_RMW_ID_MATCHES=rmw_fastrtps_cpp
 - RMW_IMPLEMENTATION=rmw_fastrtps_cpp
-- run_test.py: invoking following command in '/home/utkarsh/clearbot/demos_custom/image_tools/.obj-x86_64-linux-gnu':
 - /home/utkarsh/.pyenv/shims/python3 -m launch_testing.launch_test /home/utkarsh/clearbot/demos_custom/image_tools/.obj-x86_64-linux-gnu/test_showimage_cam2image__rmw_fastrtps_cpp_None.py --junit-xml=/home/utkarsh/clearbot/demos_custom/image_tools/.obj-x86_64-linux-gnu/test_results/image_tools_custom/test_showimage_cam2image__rmw_fastrtps_cpp.xunit.xml --package-name=image_tools_custom
[INFO] [launch]: All log files can be found below /home/utkarsh/.ros/log/2023-07-28-16-19-21-545344-crdesktop-341546
[INFO] [launch]: Default logging verbosity is set to INFO
Warning: Passing ready_fn as an argument to generate_test_description will be removed in a future release.  Include a launch_testing.actions.ReadyToTest action in the LaunchDescription instead.
test_reliable_qos (image_tools_custom.TestExecutablesDemo)
Test QoS settings for both processes work as expected. ... [INFO] [test_showimage-1]: process started with pid [341604]
[INFO] [test_cam2image-2]: process started with pid [341606]
[test_showimage-1] Subscribing to topic 'image'
[test_showimage-1] Subscribing to topic 'image'
[test_cam2image-2] Publishing data on topic 'image'
[test_cam2image-2] Could not open video stream
[ERROR] [test_cam2image-2]: process has died [pid 341606, exit code 1, cmd '/home/utkarsh/clearbot/demos_custom/image_tools/.obj-x86_64-linux-gnu/cam2image -r 1 -s 0 -b -f 5'].
[INFO] [test_showimage-1]: sending signal 'SIGINT' to process[test_showimage-1]
[test_showimage-1] signal_handler(signal_value=2)
[INFO] [test_showimage-1]: process has finished cleanly [pid 341604]
FAIL

======================================================================
FAIL: test_reliable_qos (image_tools_custom.TestExecutablesDemo)
Test QoS settings for both processes work as expected.
----------------------------------------------------------------------
Traceback (most recent call last):
  File "/home/utkarsh/clearbot/demos_custom/image_tools/.obj-x86_64-linux-gnu/test_showimage_cam2image__rmw_fastrtps_cpp_None.py", line 83, in test_reliable_qos
    proc_output.assertWaitFor(
  File "/opt/ros/foxy/lib/python3.8/site-packages/launch_testing/io_handler.py", line 146, in assertWaitFor
    assert success, 'Waiting for output timed out'
AssertionError: Waiting for output timed out

----------------------------------------------------------------------
Ran 1 test in 10.003s

FAILED (failures=1)

----------------------------------------------------------------------
Ran 0 tests in 0.000s

OK
-- run_test.py: return code 1
-- run_test.py: verify result file '/home/utkarsh/clearbot/demos_custom/image_tools/.obj-x86_64-linux-gnu/test_results/image_tools_custom/test_showimage_cam2image__rmw_fastrtps_cpp.xunit.xml'
<end of output>
Test time =  10.47 sec
----------------------------------------------------------
Test Failed.
"test_showimage_cam2image__rmw_fastrtps_cpp" end time: Jul 28 16:19 HKT
"test_showimage_cam2image__rmw_fastrtps_cpp" time elapsed: 00:00:10
----------------------------------------------------------

2/9 Testing: copyright
2/9 Test: copyright
Command: "/home/utkarsh/.pyenv/shims/python3" "-u" "/opt/ros/foxy/share/ament_cmake_test/cmake/run_test.py" "/home/utkarsh/clearbot/demos_custom/image_tools/.obj-x86_64-linux-gnu/test_results/image_tools_custom/copyright.xunit.xml" "--package-name" "image_tools_custom" "--output-file" "/home/utkarsh/clearbot/demos_custom/image_tools/.obj-x86_64-linux-gnu/ament_copyright/copyright.txt" "--command" "/opt/ros/foxy/bin/ament_copyright" "--xunit-file" "/home/utkarsh/clearbot/demos_custom/image_tools/.obj-x86_64-linux-gnu/test_results/image_tools_custom/copyright.xunit.xml"
Directory: /home/utkarsh/clearbot/demos_custom/image_tools
"copyright" start time: Jul 28 16:19 HKT
Output:
----------------------------------------------------------
-- run_test.py: invoking following command in '/home/utkarsh/clearbot/demos_custom/image_tools':
 - /opt/ros/foxy/bin/ament_copyright --xunit-file /home/utkarsh/clearbot/demos_custom/image_tools/.obj-x86_64-linux-gnu/test_results/image_tools_custom/copyright.xunit.xml
No problems found, checked 6 files
-- run_test.py: return code 0
-- run_test.py: verify result file '/home/utkarsh/clearbot/demos_custom/image_tools/.obj-x86_64-linux-gnu/test_results/image_tools_custom/copyright.xunit.xml'
<end of output>
Test time =   0.29 sec
----------------------------------------------------------
Test Passed.
"copyright" end time: Jul 28 16:19 HKT
"copyright" time elapsed: 00:00:00
----------------------------------------------------------

3/9 Testing: cppcheck
3/9 Test: cppcheck
Command: "/home/utkarsh/.pyenv/shims/python3" "-u" "/opt/ros/foxy/share/ament_cmake_test/cmake/run_test.py" "/home/utkarsh/clearbot/demos_custom/image_tools/.obj-x86_64-linux-gnu/test_results/image_tools_custom/cppcheck.xunit.xml" "--package-name" "image_tools_custom" "--output-file" "/home/utkarsh/clearbot/demos_custom/image_tools/.obj-x86_64-linux-gnu/ament_cppcheck/cppcheck.txt" "--command" "/opt/ros/foxy/bin/ament_cppcheck" "--xunit-file" "/home/utkarsh/clearbot/demos_custom/image_tools/.obj-x86_64-linux-gnu/test_results/image_tools_custom/cppcheck.xunit.xml" "--include_dirs" "/home/utkarsh/clearbot/demos_custom/image_tools/include"
Directory: /home/utkarsh/clearbot/demos_custom/image_tools
"cppcheck" start time: Jul 28 16:19 HKT
Output:
----------------------------------------------------------
-- run_test.py: invoking following command in '/home/utkarsh/clearbot/demos_custom/image_tools':
 - /opt/ros/foxy/bin/ament_cppcheck --xunit-file /home/utkarsh/clearbot/demos_custom/image_tools/.obj-x86_64-linux-gnu/test_results/image_tools_custom/cppcheck.xunit.xml --include_dirs /home/utkarsh/clearbot/demos_custom/image_tools/include
No problems found
-- run_test.py: return code 0
-- run_test.py: verify result file '/home/utkarsh/clearbot/demos_custom/image_tools/.obj-x86_64-linux-gnu/test_results/image_tools_custom/cppcheck.xunit.xml'
<end of output>
Test time =   0.22 sec
----------------------------------------------------------
Test Passed.
"cppcheck" end time: Jul 28 16:19 HKT
"cppcheck" time elapsed: 00:00:00
----------------------------------------------------------

4/9 Testing: cpplint
4/9 Test: cpplint
Command: "/home/utkarsh/.pyenv/shims/python3" "-u" "/opt/ros/foxy/share/ament_cmake_test/cmake/run_test.py" "/home/utkarsh/clearbot/demos_custom/image_tools/.obj-x86_64-linux-gnu/test_results/image_tools_custom/cpplint.xunit.xml" "--package-name" "image_tools_custom" "--output-file" "/home/utkarsh/clearbot/demos_custom/image_tools/.obj-x86_64-linux-gnu/ament_cpplint/cpplint.txt" "--command" "/opt/ros/foxy/bin/ament_cpplint" "--xunit-file" "/home/utkarsh/clearbot/demos_custom/image_tools/.obj-x86_64-linux-gnu/test_results/image_tools_custom/cpplint.xunit.xml"
Directory: /home/utkarsh/clearbot/demos_custom/image_tools
"cpplint" start time: Jul 28 16:19 HKT
Output:
----------------------------------------------------------
-- run_test.py: invoking following command in '/home/utkarsh/clearbot/demos_custom/image_tools':
 - /opt/ros/foxy/bin/ament_cpplint --xunit-file /home/utkarsh/clearbot/demos_custom/image_tools/.obj-x86_64-linux-gnu/test_results/image_tools_custom/cpplint.xunit.xml
/home/utkarsh/clearbot/demos_custom/image_tools/src/cam2image.cpp:99:  Line ends in whitespace.  Consider deleting these extra spaces.  [whitespace/end_of_line] [4]
/home/utkarsh/clearbot/demos_custom/image_tools/src/cam2image.cpp:110:  Line ends in whitespace.  Consider deleting these extra spaces.  [whitespace/end_of_line] [4]
/home/utkarsh/clearbot/demos_custom/image_tools/src/cam2image.cpp:132:  Line ends in whitespace.  Consider deleting these extra spaces.  [whitespace/end_of_line] [4]
/home/utkarsh/clearbot/demos_custom/image_tools/src/cam2image.cpp:133:  Line ends in whitespace.  Consider deleting these extra spaces.  [whitespace/end_of_line] [4]
/home/utkarsh/clearbot/demos_custom/image_tools/src/cam2image.cpp:159:  Missing space after ,  [whitespace/comma] [3]
/home/utkarsh/clearbot/demos_custom/image_tools/src/cam2image.cpp:205:  Should have a space between // and comment  [whitespace/comments] [4]
Category 'whitespace/comma' errors found: 1
Category 'whitespace/comments' errors found: 1
Category 'whitespace/end_of_line' errors found: 4
Total errors found: 6
Using '--root=/home/utkarsh/clearbot/demos_custom/image_tools/include' argument

Done processing /home/utkarsh/clearbot/demos_custom/image_tools/include/image_tools/options.hpp

Using '--root=/home/utkarsh/clearbot/demos_custom/image_tools/src' argument

Done processing /home/utkarsh/clearbot/demos_custom/image_tools/src/burger.cpp

Done processing /home/utkarsh/clearbot/demos_custom/image_tools/src/burger.hpp

Done processing /home/utkarsh/clearbot/demos_custom/image_tools/src/cam2image.cpp

Done processing /home/utkarsh/clearbot/demos_custom/image_tools/src/options.cpp

Done processing /home/utkarsh/clearbot/demos_custom/image_tools/src/showimage.cpp

-- run_test.py: return code 1
-- run_test.py: verify result file '/home/utkarsh/clearbot/demos_custom/image_tools/.obj-x86_64-linux-gnu/test_results/image_tools_custom/cpplint.xunit.xml'
<end of output>
Test time =   0.25 sec
----------------------------------------------------------
Test Failed.
"cpplint" end time: Jul 28 16:19 HKT
"cpplint" time elapsed: 00:00:00
----------------------------------------------------------

5/9 Testing: flake8
5/9 Test: flake8
Command: "/home/utkarsh/.pyenv/shims/python3" "-u" "/opt/ros/foxy/share/ament_cmake_test/cmake/run_test.py" "/home/utkarsh/clearbot/demos_custom/image_tools/.obj-x86_64-linux-gnu/test_results/image_tools_custom/flake8.xunit.xml" "--package-name" "image_tools_custom" "--output-file" "/home/utkarsh/clearbot/demos_custom/image_tools/.obj-x86_64-linux-gnu/ament_flake8/flake8.txt" "--command" "/opt/ros/foxy/bin/ament_flake8" "--xunit-file" "/home/utkarsh/clearbot/demos_custom/image_tools/.obj-x86_64-linux-gnu/test_results/image_tools_custom/flake8.xunit.xml"
Directory: /home/utkarsh/clearbot/demos_custom/image_tools
"flake8" start time: Jul 28 16:19 HKT
Output:
----------------------------------------------------------
-- run_test.py: invoking following command in '/home/utkarsh/clearbot/demos_custom/image_tools':
 - /opt/ros/foxy/bin/ament_flake8 --xunit-file /home/utkarsh/clearbot/demos_custom/image_tools/.obj-x86_64-linux-gnu/test_results/image_tools_custom/flake8.xunit.xml

./.obj-x86_64-linux-gnu/test_showimage_cam2image__rmw_fastrtps_cpp_None.py:41:100: E501 line too long (108 > 99 characters)
    showimage_executable = '/home/utkarsh/clearbot/demos_custom/image_tools/.obj-x86_64-linux-gnu/showimage'
                                                                                                   ^

./.obj-x86_64-linux-gnu/test_showimage_cam2image__rmw_fastrtps_cpp_None.py:56:100: E501 line too long (108 > 99 characters)
    cam2image_executable = '/home/utkarsh/clearbot/demos_custom/image_tools/.obj-x86_64-linux-gnu/cam2image'
                                                                                                   ^

2     E501 line too long (108 > 99 characters)

1 files checked
2 errors

'E'-type errors: 2

Checked files:

* ./.obj-x86_64-linux-gnu/test_showimage_cam2image__rmw_fastrtps_cpp_None.py
-- run_test.py: return code 1
-- run_test.py: verify result file '/home/utkarsh/clearbot/demos_custom/image_tools/.obj-x86_64-linux-gnu/test_results/image_tools_custom/flake8.xunit.xml'
<end of output>
Test time =   0.26 sec
----------------------------------------------------------
Test Failed.
"flake8" end time: Jul 28 16:19 HKT
"flake8" time elapsed: 00:00:00
----------------------------------------------------------

6/9 Testing: lint_cmake
6/9 Test: lint_cmake
Command: "/home/utkarsh/.pyenv/shims/python3" "-u" "/opt/ros/foxy/share/ament_cmake_test/cmake/run_test.py" "/home/utkarsh/clearbot/demos_custom/image_tools/.obj-x86_64-linux-gnu/test_results/image_tools_custom/lint_cmake.xunit.xml" "--package-name" "image_tools_custom" "--output-file" "/home/utkarsh/clearbot/demos_custom/image_tools/.obj-x86_64-linux-gnu/ament_lint_cmake/lint_cmake.txt" "--command" "/opt/ros/foxy/bin/ament_lint_cmake" "--xunit-file" "/home/utkarsh/clearbot/demos_custom/image_tools/.obj-x86_64-linux-gnu/test_results/image_tools_custom/lint_cmake.xunit.xml"
Directory: /home/utkarsh/clearbot/demos_custom/image_tools
"lint_cmake" start time: Jul 28 16:19 HKT
Output:
----------------------------------------------------------
-- run_test.py: invoking following command in '/home/utkarsh/clearbot/demos_custom/image_tools':
 - /opt/ros/foxy/bin/ament_lint_cmake --xunit-file /home/utkarsh/clearbot/demos_custom/image_tools/.obj-x86_64-linux-gnu/test_results/image_tools_custom/lint_cmake.xunit.xml

No problems found
-- run_test.py: return code 0
-- run_test.py: verify result file '/home/utkarsh/clearbot/demos_custom/image_tools/.obj-x86_64-linux-gnu/test_results/image_tools_custom/lint_cmake.xunit.xml'
<end of output>
Test time =   0.19 sec
----------------------------------------------------------
Test Passed.
"lint_cmake" end time: Jul 28 16:19 HKT
"lint_cmake" time elapsed: 00:00:00
----------------------------------------------------------

7/9 Testing: pep257
7/9 Test: pep257
Command: "/home/utkarsh/.pyenv/shims/python3" "-u" "/opt/ros/foxy/share/ament_cmake_test/cmake/run_test.py" "/home/utkarsh/clearbot/demos_custom/image_tools/.obj-x86_64-linux-gnu/test_results/image_tools_custom/pep257.xunit.xml" "--package-name" "image_tools_custom" "--output-file" "/home/utkarsh/clearbot/demos_custom/image_tools/.obj-x86_64-linux-gnu/ament_pep257/pep257.txt" "--command" "/opt/ros/foxy/bin/ament_pep257" "--xunit-file" "/home/utkarsh/clearbot/demos_custom/image_tools/.obj-x86_64-linux-gnu/test_results/image_tools_custom/pep257.xunit.xml"
Directory: /home/utkarsh/clearbot/demos_custom/image_tools
"pep257" start time: Jul 28 16:19 HKT
Output:
----------------------------------------------------------
-- run_test.py: invoking following command in '/home/utkarsh/clearbot/demos_custom/image_tools':
 - /opt/ros/foxy/bin/ament_pep257 --xunit-file /home/utkarsh/clearbot/demos_custom/image_tools/.obj-x86_64-linux-gnu/test_results/image_tools_custom/pep257.xunit.xml
No problems found
-- run_test.py: return code 0
-- run_test.py: verify result file '/home/utkarsh/clearbot/demos_custom/image_tools/.obj-x86_64-linux-gnu/test_results/image_tools_custom/pep257.xunit.xml'
<end of output>
Test time =   0.22 sec
----------------------------------------------------------
Test Passed.
"pep257" end time: Jul 28 16:19 HKT
"pep257" time elapsed: 00:00:00
----------------------------------------------------------

8/9 Testing: uncrustify
8/9 Test: uncrustify
Command: "/home/utkarsh/.pyenv/shims/python3" "-u" "/opt/ros/foxy/share/ament_cmake_test/cmake/run_test.py" "/home/utkarsh/clearbot/demos_custom/image_tools/.obj-x86_64-linux-gnu/test_results/image_tools_custom/uncrustify.xunit.xml" "--package-name" "image_tools_custom" "--output-file" "/home/utkarsh/clearbot/demos_custom/image_tools/.obj-x86_64-linux-gnu/ament_uncrustify/uncrustify.txt" "--command" "/opt/ros/foxy/bin/ament_uncrustify" "--xunit-file" "/home/utkarsh/clearbot/demos_custom/image_tools/.obj-x86_64-linux-gnu/test_results/image_tools_custom/uncrustify.xunit.xml"
Directory: /home/utkarsh/clearbot/demos_custom/image_tools
"uncrustify" start time: Jul 28 16:19 HKT
Output:
----------------------------------------------------------
-- run_test.py: invoking following command in '/home/utkarsh/clearbot/demos_custom/image_tools':
 - /opt/ros/foxy/bin/ament_uncrustify --xunit-file /home/utkarsh/clearbot/demos_custom/image_tools/.obj-x86_64-linux-gnu/test_results/image_tools_custom/uncrustify.xunit.xml
Code style divergence in file 'src/burger.cpp':

--- src/burger.cpp
+++ src/burger.cpp.uncrustify
@@ -129,6 +129,8 @@
-    burger_template.copyTo(burger_buf(cv::Rect(
-        x[b],
-        y[b],
-        burger_template.size().height,
-        burger_template.size().width
-      )), burger_mask);
+    burger_template.copyTo(
+      burger_buf(
+        cv::Rect(
+          x[b],
+          y[b],
+          burger_template.size().height,
+          burger_template.size().width
+        )), burger_mask);

Code style divergence in file 'src/cam2image.cpp':

--- src/cam2image.cpp
+++ src/cam2image.cpp.uncrustify
@@ -99 +99 @@
-  
+
@@ -110 +110 @@
-  
+
@@ -132,2 +132 @@
-  
-  
+
@@ -159 +158 @@
-    cap.open(device,cv::CAP_V4L2);
+    cap.open(device, cv::CAP_V4L2);

2 files with code style divergence
No code style divergence in file 'include/image_tools/options.hpp'

No code style divergence in file 'src/burger.hpp'

No code style divergence in file 'src/options.cpp'

No code style divergence in file 'src/showimage.cpp'

-- run_test.py: return code 1
-- run_test.py: verify result file '/home/utkarsh/clearbot/demos_custom/image_tools/.obj-x86_64-linux-gnu/test_results/image_tools_custom/uncrustify.xunit.xml'
<end of output>
Test time =   0.20 sec
----------------------------------------------------------
Test Failed.
"uncrustify" end time: Jul 28 16:19 HKT
"uncrustify" time elapsed: 00:00:00
----------------------------------------------------------

9/9 Testing: xmllint
9/9 Test: xmllint
Command: "/home/utkarsh/.pyenv/shims/python3" "-u" "/opt/ros/foxy/share/ament_cmake_test/cmake/run_test.py" "/home/utkarsh/clearbot/demos_custom/image_tools/.obj-x86_64-linux-gnu/test_results/image_tools_custom/xmllint.xunit.xml" "--package-name" "image_tools_custom" "--output-file" "/home/utkarsh/clearbot/demos_custom/image_tools/.obj-x86_64-linux-gnu/ament_xmllint/xmllint.txt" "--command" "/opt/ros/foxy/bin/ament_xmllint" "--xunit-file" "/home/utkarsh/clearbot/demos_custom/image_tools/.obj-x86_64-linux-gnu/test_results/image_tools_custom/xmllint.xunit.xml"
Directory: /home/utkarsh/clearbot/demos_custom/image_tools
"xmllint" start time: Jul 28 16:19 HKT
Output:
----------------------------------------------------------
-- run_test.py: invoking following command in '/home/utkarsh/clearbot/demos_custom/image_tools':
 - /opt/ros/foxy/bin/ament_xmllint --xunit-file /home/utkarsh/clearbot/demos_custom/image_tools/.obj-x86_64-linux-gnu/test_results/image_tools_custom/xmllint.xunit.xml
File 'package.xml' is valid

No problems found
-- run_test.py: return code 0
-- run_test.py: verify result file '/home/utkarsh/clearbot/demos_custom/image_tools/.obj-x86_64-linux-gnu/test_results/image_tools_custom/xmllint.xunit.xml'
<end of output>
Test time =   1.48 sec
----------------------------------------------------------
Test Passed.
"xmllint" end time: Jul 28 16:19 HKT
"xmllint" time elapsed: 00:00:01
----------------------------------------------------------

End testing: Jul 28 16:19 HKT

copyright =   0.29 sec*proc

cppcheck =   0.22 sec*proc

cpplint =   0.25 sec*proc

flake8 =   0.26 sec*proc

lint_cmake =   0.19 sec*proc

linter =   3.10 sec*proc

pep257 =   0.22 sec*proc

uncrustify =   0.20 sec*proc

xmllint =   1.48 sec*proc

